<?xml version="1.0" encoding="utf-8"?><testsuites name="pytest tests"><testsuite name="pytest" errors="0" failures="0" skipped="0" tests="6" time="0.831" timestamp="2026-05-26T11:30:13.664224+00:00" hostname="agent-env-7d0012cd-8b66-4c01-93bd-65468970c57c"><testcase classname="test_birdlens_api.TestHealth" name="test_health_has_llm_key" time="0.128" /><testcase classname="test_birdlens_api.TestBirdCatalog" name="test_catalog_returns_eight_birds" time="0.138" /><testcase classname="test_birdlens_api.TestBirdCatalog" name="test_bird_detail_known" time="0.131" /><testcase classname="test_birdlens_api.TestBirdCatalog" name="test_bird_detail_unknown_returns_404" time="0.137" /><testcase classname="test_birdlens_api.TestChat" name="test_chat_empty_message_returns_400" time="0.166" /><testcase classname="test_birdlens_api.TestXenoCanto" name="test_xenocanto_graceful_when_no_key" time="0.113" /></testsuite></testsuites>