<?xml version="1.0" encoding="utf-8"?><testsuites name="pytest tests"><testsuite name="pytest" errors="0" failures="0" skipped="0" tests="2" time="16.721" timestamp="2026-05-26T11:30:33.187511+00:00" hostname="agent-env-7d0012cd-8b66-4c01-93bd-65468970c57c"><testcase classname="test_enrich_schema.TestEnrichExtendedSchema" name="test_enrich_northern_cardinal_full_schema" time="7.983" /><testcase classname="test_enrich_schema.TestEnrichExtendedSchema" name="test_enrich_returns_least_concern_for_cardinal" time="8.721" /></testsuite></testsuites>