<?xml version="1.0" encoding="utf-8"?><testsuites name="pytest tests"><testsuite name="pytest" errors="0" failures="0" skipped="0" tests="9" time="6.324" timestamp="2026-05-24T13:29:15.968235+00:00" hostname="agent-env-7d0012cd-8b66-4c01-93bd-65468970c57c"><testcase classname="backend.tests.test_birdlens_api.TestHealth" name="test_health_has_llm_key" time="0.202" /><testcase classname="backend.tests.test_birdlens_api.TestBirdCatalog" name="test_catalog_returns_eight_birds" time="0.120" /><testcase classname="backend.tests.test_birdlens_api.TestBirdCatalog" name="test_bird_detail_known" time="0.105" /><testcase classname="backend.tests.test_birdlens_api.TestBirdCatalog" name="test_bird_detail_unknown_returns_404" time="0.107" /><testcase classname="backend.tests.test_birdlens_api.TestIdentifyPhoto" name="test_identify_photo_cardinal" time="3.010" /><testcase classname="backend.tests.test_birdlens_api.TestIdentifyPhoto" name="test_identify_photo_empty_returns_400" time="0.117" /><testcase classname="backend.tests.test_birdlens_api.TestChat" name="test_chat_basic_and_multi_turn" time="2.419" /><testcase classname="backend.tests.test_birdlens_api.TestChat" name="test_chat_empty_message_returns_400" time="0.116" /><testcase classname="backend.tests.test_birdlens_api.TestXenoCanto" name="test_xenocanto_graceful_when_no_key" time="0.093" /></testsuite></testsuites>