<?xml version="1.0" encoding="utf-8"?><testsuites name="pytest tests"><testsuite name="pytest" errors="0" failures="0" skipped="0" tests="8" time="13.968" timestamp="2026-05-26T09:35:23.827919+00:00" hostname="agent-env-7d0012cd-8b66-4c01-93bd-65468970c57c"><testcase classname="tests.test_species_backbone.TestWikiSummary" name="test_wiki_summary_scientific_binomial" time="0.372" /><testcase classname="tests.test_species_backbone.TestWikiSummary" name="test_wiki_summary_common_name_fallback" time="0.247" /><testcase classname="tests.test_species_backbone.TestWikiSummary" name="test_wiki_summary_pipe_separated_tries_both" time="0.475" /><testcase classname="tests.test_species_backbone.TestWikiSummary" name="test_wiki_summary_missing_title_returns_400" time="0.097" /><testcase classname="tests.test_species_backbone.TestWikiSummary" name="test_wiki_summary_unknown_returns_empty_payload" time="0.425" /><testcase classname="tests.test_species_backbone.TestEnrich" name="test_enrich_northern_cardinal" time="3.881" /><testcase classname="tests.test_species_backbone.TestEnrich" name="test_enrich_european_starling_non_na" time="8.308" /><testcase classname="tests.test_species_backbone.TestEnrich" name="test_enrich_missing_required_field_returns_422" time="0.135" /></testsuite></testsuites>