<?xml version="1.0" encoding="utf-8"?><testsuites name="pytest tests"><testsuite name="pytest" errors="0" failures="0" skipped="0" tests="8" time="2.913" timestamp="2026-05-26T10:21:08.137433+00:00" hostname="agent-env-7d0012cd-8b66-4c01-93bd-65468970c57c"><testcase classname="backend.tests.test_thumbs_endpoint.TestThumbsBasic" name="test_three_items_two_hits_one_null" time="0.554" /><testcase classname="backend.tests.test_thumbs_endpoint.TestThumbsBasic" name="test_response_under_3s" time="0.258" /><testcase classname="backend.tests.test_thumbs_endpoint.TestThumbsBatch" name="test_80_items_accepted" time="0.470" /><testcase classname="backend.tests.test_thumbs_endpoint.TestThumbsBatch" name="test_items_over_80_are_truncated" time="0.546" /><testcase classname="backend.tests.test_thumbs_endpoint.TestThumbsEdge" name="test_empty_items_returns_empty_dict" time="0.153" /><testcase classname="backend.tests.test_thumbs_endpoint.TestThumbsEdge" name="test_missing_items_key_returns_empty" time="0.105" /><testcase classname="backend.tests.test_thumbs_endpoint.TestThumbsEdge" name="test_common_name_fallback" time="0.440" /><testcase classname="backend.tests.test_thumbs_endpoint.TestThumbsEdge" name="test_url_returns_image_content_type" time="0.358" /></testsuite></testsuites>